2013-09-04 16:42:32 Error: [MissingControllerException] Controller class UsersController could not be found.
Exception Attributes: array (
  'class' => 'UsersController',
  'plugin' => NULL,
)
Request URL: /dev_mgmt/users/login
Stack Trace:
#0 C:\xampp\htdocs\dev_mgmt\app\webroot\index.php(110): Dispatcher->dispatch(Object(CakeRequest), Object(CakeResponse))
#1 {main}
2013-09-04 16:43:07 Error: [MissingControllerException] Controller class UsersController could not be found.
Exception Attributes: array (
  'class' => 'UsersController',
  'plugin' => NULL,
)
Request URL: /dev_mgmt/users/login
Stack Trace:
#0 C:\xampp\htdocs\dev_mgmt\app\webroot\index.php(110): Dispatcher->dispatch(Object(CakeRequest), Object(CakeResponse))
#1 {main}
2013-09-04 16:48:58 Error: [MissingViewException] View file "C:\xampp\htdocs\dev_mgmt\app\View\login\login.ctp" is missing.
Exception Attributes: array (
  'file' => 'C:\\xampp\\htdocs\\dev_mgmt\\app\\View\\login\\login.ctp',
)
Request URL: /dev_mgmt/
Stack Trace:
#0 C:\xampp\htdocs\dev_mgmt\lib\Cake\View\View.php(459): View->_getViewFileName(NULL)
#1 C:\xampp\htdocs\dev_mgmt\lib\Cake\Controller\Controller.php(952): View->render(NULL, NULL)
#2 C:\xampp\htdocs\dev_mgmt\lib\Cake\Routing\Dispatcher.php(194): Controller->render()
#3 C:\xampp\htdocs\dev_mgmt\lib\Cake\Routing\Dispatcher.php(162): Dispatcher->_invoke(Object(LoginController), Object(CakeRequest), Object(CakeResponse))
#4 C:\xampp\htdocs\dev_mgmt\app\webroot\index.php(110): Dispatcher->dispatch(Object(CakeRequest), Object(CakeResponse))
#5 {main}
2013-09-04 16:50:41 Error: [MissingViewException] View file "C:\xampp\htdocs\dev_mgmt\app\View\login\login.ctp" is missing.
Exception Attributes: array (
  'file' => 'C:\\xampp\\htdocs\\dev_mgmt\\app\\View\\login\\login.ctp',
)
Request URL: /dev_mgmt/login
Stack Trace:
#0 C:\xampp\htdocs\dev_mgmt\lib\Cake\View\View.php(459): View->_getViewFileName(NULL)
#1 C:\xampp\htdocs\dev_mgmt\lib\Cake\Controller\Controller.php(952): View->render(NULL, NULL)
#2 C:\xampp\htdocs\dev_mgmt\lib\Cake\Routing\Dispatcher.php(194): Controller->render()
#3 C:\xampp\htdocs\dev_mgmt\lib\Cake\Routing\Dispatcher.php(162): Dispatcher->_invoke(Object(LoginController), Object(CakeRequest), Object(CakeResponse))
#4 C:\xampp\htdocs\dev_mgmt\app\webroot\index.php(110): Dispatcher->dispatch(Object(CakeRequest), Object(CakeResponse))
#5 {main}
